<?xml version="1.0" encoding="UTF-8"?>
<testsuite name="com.adventure.MT9" tests="1" skipped="0" failures="0" errors="0" timestamp="2022-01-26T20:14:38" hostname="U2LT" time="0.033">
  <properties/>
  <testcase name="testOmniDoorKey()" classname="com.adventure.MT9" time="0.033"/>
  <system-out><![CDATA[The door is unlocked!
]]></system-out>
  <system-err><![CDATA[]]></system-err>
</testsuite>
